<?xml version="1.0" encoding="UTF-8"?>
<!-- Generated by org.testng.reporters.JUnitXMLReporter -->
<testsuite ignored="0" hostname="DESKTOP-0FD3EQL" failures="1" tests="1" name="Default test" time="29.868" errors="0" timestamp="2024-10-27T02:05:27 BDT">
  <testcase classname="com.appium.test.AndroidAppTest" name="chaldalAppFunctionsTest" time="12.944">
    <failure type="org.openqa.selenium.NoSuchElementException" message="An element could not be located on the page using the given search parameters.
For documentation on this error, please visit: https://www.selenium.dev/documentation/webdriver/troubleshooting/errors#no-such-element-exception
Build info: version: &amp;apos;4.25.0&amp;apos;, revision: &amp;apos;8a8aea2337&amp;apos;
System info: os.name: &amp;apos;Windows 10&amp;apos;, os.arch: &amp;apos;amd64&amp;apos;, os.version: &amp;apos;10.0&amp;apos;, java.version: &amp;apos;21.0.1&amp;apos;
Driver info: io.appium.java_client.android.AndroidDriver
Command: [2433e6b6-801e-4f51-8a90-8e08e9534eb3, findElement {value=//android.widget.EditText[@text=&amp;quot;Search Products&amp;quot;], using=xpath}]
Capabilities {appium:appActivity: com.chaldal.poached.MainAct..., appium:appPackage: com.chaldal.poached, appium:autoGrantPermissions: true, appium:automationName: UiAutomator2, appium:databaseEnabled: false, appium:desired: {appActivity: com.chaldal.poached.MainAct..., appPackage: com.chaldal.poached, autoGrantPermissions: true, automationName: UiAutomator2, newCommandTimeout: 60, platformName: ANDROID, platformVersion: 9, udid: localhost:5555}, appium:deviceApiLevel: 28, appium:deviceManufacturer: OnePlus, appium:deviceModel: NE2211, appium:deviceName: localhost:5555, appium:deviceScreenDensity: 320, appium:deviceScreenSize: 900x1600, appium:deviceUDID: localhost:5555, appium:javascriptEnabled: true, appium:locationContextEnabled: false, appium:networkConnectionEnabled: true, appium:newCommandTimeout: 60, appium:pixelRatio: 2, appium:platformVersion: 9, appium:statBarHeight: 48, appium:takesScreenshot: true, appium:udid: localhost:5555, appium:viewportRect: {height: 1552, left: 0, top: 48, width: 900}, appium:warnings: {}, appium:webStorageEnabled: false, platformName: ANDROID}
Session ID: 2433e6b6-801e-4f51-8a90-8e08e9534eb3">
      <![CDATA[org.openqa.selenium.NoSuchElementException: An element could not be located on the page using the given search parameters.
For documentation on this error, please visit: https://www.selenium.dev/documentation/webdriver/troubleshooting/errors#no-such-element-exception
Build info: version: '4.25.0', revision: '8a8aea2337'
System info: os.name: 'Windows 10', os.arch: 'amd64', os.version: '10.0', java.version: '21.0.1'
Driver info: io.appium.java_client.android.AndroidDriver
Command: [2433e6b6-801e-4f51-8a90-8e08e9534eb3, findElement {value=//android.widget.EditText[@text="Search Products"], using=xpath}]
Capabilities {appium:appActivity: com.chaldal.poached.MainAct..., appium:appPackage: com.chaldal.poached, appium:autoGrantPermissions: true, appium:automationName: UiAutomator2, appium:databaseEnabled: false, appium:desired: {appActivity: com.chaldal.poached.MainAct..., appPackage: com.chaldal.poached, autoGrantPermissions: true, automationName: UiAutomator2, newCommandTimeout: 60, platformName: ANDROID, platformVersion: 9, udid: localhost:5555}, appium:deviceApiLevel: 28, appium:deviceManufacturer: OnePlus, appium:deviceModel: NE2211, appium:deviceName: localhost:5555, appium:deviceScreenDensity: 320, appium:deviceScreenSize: 900x1600, appium:deviceUDID: localhost:5555, appium:javascriptEnabled: true, appium:locationContextEnabled: false, appium:networkConnectionEnabled: true, appium:newCommandTimeout: 60, appium:pixelRatio: 2, appium:platformVersion: 9, appium:statBarHeight: 48, appium:takesScreenshot: true, appium:udid: localhost:5555, appium:viewportRect: {height: 1552, left: 0, top: 48, width: 900}, appium:warnings: {}, appium:webStorageEnabled: false, platformName: ANDROID}
Session ID: 2433e6b6-801e-4f51-8a90-8e08e9534eb3
at java.base/jdk.internal.reflect.DirectConstructorHandleAccessor.newInstance(DirectConstructorHandleAccessor.java:62)
at java.base/java.lang.reflect.Constructor.newInstanceWithCaller(Constructor.java:502)
at java.base/java.lang.reflect.Constructor.newInstance(Constructor.java:486)
at org.openqa.selenium.remote.ErrorCodec.decode(ErrorCodec.java:167)
at org.openqa.selenium.remote.codec.w3c.W3CHttpResponseCodec.decode(W3CHttpResponseCodec.java:138)
at org.openqa.selenium.remote.codec.w3c.W3CHttpResponseCodec.decode(W3CHttpResponseCodec.java:50)
at org.openqa.selenium.remote.HttpCommandExecutor.execute(HttpCommandExecutor.java:190)
at io.appium.java_client.remote.AppiumCommandExecutor.execute(AppiumCommandExecutor.java:237)
at org.openqa.selenium.remote.RemoteWebDriver.execute(RemoteWebDriver.java:545)
at org.openqa.selenium.remote.ElementLocation$ElementFinder$2.findElement(ElementLocation.java:165)
at org.openqa.selenium.remote.ElementLocation.findElement(ElementLocation.java:59)
at org.openqa.selenium.remote.RemoteWebDriver.findElement(RemoteWebDriver.java:368)
at org.openqa.selenium.remote.RemoteWebDriver.findElement(RemoteWebDriver.java:362)
at com.appium.main.AndroidAppMain.verifyChaldalAppFunctions(AndroidAppMain.java:60)
at com.appium.test.AndroidAppTest.chaldalAppFunctionsTest(AndroidAppTest.java:13)
at java.base/jdk.internal.reflect.DirectMethodHandleAccessor.invoke(DirectMethodHandleAccessor.java:103)
at java.base/java.lang.reflect.Method.invoke(Method.java:580)
at org.testng.internal.MethodInvocationHelper.invokeMethod(MethodInvocationHelper.java:133)
at org.testng.internal.TestInvoker.invokeMethod(TestInvoker.java:598)
at org.testng.internal.TestInvoker.invokeTestMethod(TestInvoker.java:173)
at org.testng.internal.MethodRunner.runInSequence(MethodRunner.java:46)
at org.testng.internal.TestInvoker$MethodInvocationAgent.invoke(TestInvoker.java:824)
at org.testng.internal.TestInvoker.invokeTestMethods(TestInvoker.java:146)
at org.testng.internal.TestMethodWorker.invokeTestMethods(TestMethodWorker.java:146)
at org.testng.internal.TestMethodWorker.run(TestMethodWorker.java:128)
at java.base/java.util.ArrayList.forEach(ArrayList.java:1596)
at org.testng.TestRunner.privateRun(TestRunner.java:794)
at org.testng.TestRunner.run(TestRunner.java:596)
at org.testng.SuiteRunner.runTest(SuiteRunner.java:377)
at org.testng.SuiteRunner.runSequentially(SuiteRunner.java:371)
at org.testng.SuiteRunner.privateRun(SuiteRunner.java:332)
at org.testng.SuiteRunner.run(SuiteRunner.java:276)
at org.testng.SuiteRunnerWorker.runSuite(SuiteRunnerWorker.java:53)
at org.testng.SuiteRunnerWorker.run(SuiteRunnerWorker.java:96)
at org.testng.TestNG.runSuitesSequentially(TestNG.java:1212)
at org.testng.TestNG.runSuitesLocally(TestNG.java:1134)
at org.testng.TestNG.runSuites(TestNG.java:1063)
at org.testng.TestNG.run(TestNG.java:1031)
at org.testng.remote.AbstractRemoteTestNG.run(AbstractRemoteTestNG.java:115)
at org.testng.remote.RemoteTestNG.initAndRun(RemoteTestNG.java:293)
at org.testng.remote.RemoteTestNG.main(RemoteTestNG.java:91)
]]>
    </failure>
  </testcase> <!-- chaldalAppFunctionsTest -->
</testsuite> <!-- Default test -->
